[INFO  - 2021-10-16T04:42:57.179Z] GhostDriver - Main - running on port 62507
[INFO  - 2021-10-16T04:43:01.640Z] Session [8b45d340-2e3b-11ec-9310-d77a7d5cae6b] - page.settings - {"XSSAuditingEnabled":false,"javascriptCanCloseWindows":true,"javascriptCanOpenWindows":true,"javascriptEnabled":true,"loadImages":false,"localToRemoteUrlAccessEnabled":false,"userAgent":"Mozilla/5.0 (Windows NT 6.2; WOW64) AppleWebKit/538.1 (KHTML, like Gecko) PhantomJS/2.1.1 Safari/538.1","webSecurityEnabled":true}
[INFO  - 2021-10-16T04:43:01.640Z] Session [8b45d340-2e3b-11ec-9310-d77a7d5cae6b] - page.customHeaders:  - {}
[INFO  - 2021-10-16T04:43:01.640Z] Session [8b45d340-2e3b-11ec-9310-d77a7d5cae6b] - Session.negotiatedCapabilities - {"browserName":"phantomjs","version":"2.1.1","driverName":"ghostdriver","driverVersion":"1.2.0","platform":"windows-10-32bit","javascriptEnabled":true,"takesScreenshot":true,"handlesAlerts":false,"databaseEnabled":false,"locationContextEnabled":false,"applicationCacheEnabled":false,"browserConnectionEnabled":false,"cssSelectorsEnabled":true,"webStorageEnabled":false,"rotatable":false,"acceptSslCerts":false,"nativeEvents":true,"proxy":{"proxyType":"direct"}}
[INFO  - 2021-10-16T04:43:01.641Z] SessionManagerReqHand - _postNewSessionCommand - New Session Created: 8b45d340-2e3b-11ec-9310-d77a7d5cae6b
[ERROR - 2021-10-16T04:43:05.883Z] Session [8b45d340-2e3b-11ec-9310-d77a7d5cae6b] - page.onError - msg: TypeError: undefined is not an object (evaluating 'pageConfig["SKUS_dsp_"+this.currentAid].join')

  phantomjs://platform/console++.js:263 in error
[ERROR - 2021-10-16T04:43:05.883Z] Session [8b45d340-2e3b-11ec-9310-d77a7d5cae6b] - page.onError - stack:
  log (https://misc.360buyimg.com/??jdf/1.0.0/unit/globalInit/5.0.0/globalInit.js,jdf/1.0.0/ui/switchable/1.0.0/switchable.js,jdf/1.0.0/ui/tips/1.0.0/tips.js,jdf/1.0.0/ui/lazyload/1.0.0/lazyload.js,product/module/clslog.js,product/module/tools.js,product/module/footprint-v2.js,product/search/1.0.8/js/follow.js,product/search/1.0.8/js/pageInfo.js,product/search/1.0.8/js/utils.js,product/search/1.0.8/js/template.js,product/search/1.0.8/js/noResult.js,product/search/1.0.8/js/responsive.js,product/search/1.0.8/js/breadCrumb.js,product/search/1.0.8/js/sidebar.js,product/search/1.0.8/js/selector.js,product/search/1.0.8/js/goodsList.js,product/search/1.0.8/js/shopList.js,product/search/1.0.8/js/allResultBox.js,product/search/1.0.8/js/featuredGoods.js,product/search/1.0.8/js/couponBuyNew.js,product/search/1.0.8/js/coudanBuy.js,product/search/1.0.8/js/exchangeBuy.js,product/search/1.0.8/js/imageSearch.js,product/search/1.0.8/js/list/js/recommend.js,product/search/1.0.8/js/list/js/dsp.js,product/search/1.0.8/js/list/js/promotion.js,product/search/1.0.8/js/list/js/bookmvd.js,product/m/1.0.0/widget/p-contrast/p-contrast.js:43)
  set (https://misc.360buyimg.com/??jdf/1.0.0/unit/globalInit/5.0.0/globalInit.js,jdf/1.0.0/ui/switchable/1.0.0/switchable.js,jdf/1.0.0/ui/tips/1.0.0/tips.js,jdf/1.0.0/ui/lazyload/1.0.0/lazyload.js,product/module/clslog.js,product/module/tools.js,product/module/footprint-v2.js,product/search/1.0.8/js/follow.js,product/search/1.0.8/js/pageInfo.js,product/search/1.0.8/js/utils.js,product/search/1.0.8/js/template.js,product/search/1.0.8/js/noResult.js,product/search/1.0.8/js/responsive.js,product/search/1.0.8/js/breadCrumb.js,product/search/1.0.8/js/sidebar.js,product/search/1.0.8/js/selector.js,product/search/1.0.8/js/goodsList.js,product/search/1.0.8/js/shopList.js,product/search/1.0.8/js/allResultBox.js,product/search/1.0.8/js/featuredGoods.js,product/search/1.0.8/js/couponBuyNew.js,product/search/1.0.8/js/coudanBuy.js,product/search/1.0.8/js/exchangeBuy.js,product/search/1.0.8/js/imageSearch.js,product/search/1.0.8/js/list/js/recommend.js,product/search/1.0.8/js/list/js/dsp.js,product/search/1.0.8/js/list/js/promotion.js,product/search/1.0.8/js/list/js/bookmvd.js,product/m/1.0.0/widget/p-contrast/p-contrast.js:43)
  handleData (https://misc.360buyimg.com/??jdf/1.0.0/unit/globalInit/5.0.0/globalInit.js,jdf/1.0.0/ui/switchable/1.0.0/switchable.js,jdf/1.0.0/ui/tips/1.0.0/tips.js,jdf/1.0.0/ui/lazyload/1.0.0/lazyload.js,product/module/clslog.js,product/module/tools.js,product/module/footprint-v2.js,product/search/1.0.8/js/follow.js,product/search/1.0.8/js/pageInfo.js,product/search/1.0.8/js/utils.js,product/search/1.0.8/js/template.js,product/search/1.0.8/js/noResult.js,product/search/1.0.8/js/responsive.js,product/search/1.0.8/js/breadCrumb.js,product/search/1.0.8/js/sidebar.js,product/search/1.0.8/js/selector.js,product/search/1.0.8/js/goodsList.js,product/search/1.0.8/js/shopList.js,product/search/1.0.8/js/allResultBox.js,product/search/1.0.8/js/featuredGoods.js,product/search/1.0.8/js/couponBuyNew.js,product/search/1.0.8/js/coudanBuy.js,product/search/1.0.8/js/exchangeBuy.js,product/search/1.0.8/js/imageSearch.js,product/search/1.0.8/js/list/js/recommend.js,product/search/1.0.8/js/list/js/dsp.js,product/search/1.0.8/js/list/js/promotion.js,product/search/1.0.8/js/list/js/bookmvd.js,product/m/1.0.0/widget/p-contrast/p-contrast.js:43)
  success (https://misc.360buyimg.com/??jdf/1.0.0/unit/globalInit/5.0.0/globalInit.js,jdf/1.0.0/ui/switchable/1.0.0/switchable.js,jdf/1.0.0/ui/tips/1.0.0/tips.js,jdf/1.0.0/ui/lazyload/1.0.0/lazyload.js,product/module/clslog.js,product/module/tools.js,product/module/footprint-v2.js,product/search/1.0.8/js/follow.js,product/search/1.0.8/js/pageInfo.js,product/search/1.0.8/js/utils.js,product/search/1.0.8/js/template.js,product/search/1.0.8/js/noResult.js,product/search/1.0.8/js/responsive.js,product/search/1.0.8/js/breadCrumb.js,product/search/1.0.8/js/sidebar.js,product/search/1.0.8/js/selector.js,product/search/1.0.8/js/goodsList.js,product/search/1.0.8/js/shopList.js,product/search/1.0.8/js/allResultBox.js,product/search/1.0.8/js/featuredGoods.js,product/search/1.0.8/js/couponBuyNew.js,product/search/1.0.8/js/coudanBuy.js,product/search/1.0.8/js/exchangeBuy.js,product/search/1.0.8/js/imageSearch.js,product/search/1.0.8/js/list/js/recommend.js,product/search/1.0.8/js/list/js/dsp.js,product/search/1.0.8/js/list/js/promotion.js,product/search/1.0.8/js/list/js/bookmvd.js,product/m/1.0.0/widget/p-contrast/p-contrast.js:43)
  resolveWith (https://misc.360buyimg.com/??jdf/1.0.0/unit/base/5.0.0/base.js,jdf/lib/jquery-1.6.4.js,product/module/es5-shim.js:4)
  w (https://misc.360buyimg.com/??jdf/1.0.0/unit/base/5.0.0/base.js,jdf/lib/jquery-1.6.4.js,product/module/es5-shim.js:6)
  onreadystatechange (https://misc.360buyimg.com/??jdf/1.0.0/unit/base/5.0.0/base.js,jdf/lib/jquery-1.6.4.js,product/module/es5-shim.js:6)

  phantomjs://platform/console++.js:263 in error
[ERROR - 2021-10-16T04:43:05.892Z] Session [8b45d340-2e3b-11ec-9310-d77a7d5cae6b] - page.onError - msg: TypeError: undefined is not an object (evaluating 'pageConfig["SKUS_dsp_"+this.currentAid].join')

  phantomjs://platform/console++.js:263 in error
[ERROR - 2021-10-16T04:43:05.892Z] Session [8b45d340-2e3b-11ec-9310-d77a7d5cae6b] - page.onError - stack:
  log (https://misc.360buyimg.com/??jdf/1.0.0/unit/globalInit/5.0.0/globalInit.js,jdf/1.0.0/ui/switchable/1.0.0/switchable.js,jdf/1.0.0/ui/tips/1.0.0/tips.js,jdf/1.0.0/ui/lazyload/1.0.0/lazyload.js,product/module/clslog.js,product/module/tools.js,product/module/footprint-v2.js,product/search/1.0.8/js/follow.js,product/search/1.0.8/js/pageInfo.js,product/search/1.0.8/js/utils.js,product/search/1.0.8/js/template.js,product/search/1.0.8/js/noResult.js,product/search/1.0.8/js/responsive.js,product/search/1.0.8/js/breadCrumb.js,product/search/1.0.8/js/sidebar.js,product/search/1.0.8/js/selector.js,product/search/1.0.8/js/goodsList.js,product/search/1.0.8/js/shopList.js,product/search/1.0.8/js/allResultBox.js,product/search/1.0.8/js/featuredGoods.js,product/search/1.0.8/js/couponBuyNew.js,product/search/1.0.8/js/coudanBuy.js,product/search/1.0.8/js/exchangeBuy.js,product/search/1.0.8/js/imageSearch.js,product/search/1.0.8/js/list/js/recommend.js,product/search/1.0.8/js/list/js/dsp.js,product/search/1.0.8/js/list/js/promotion.js,product/search/1.0.8/js/list/js/bookmvd.js,product/m/1.0.0/widget/p-contrast/p-contrast.js:43)
  set (https://misc.360buyimg.com/??jdf/1.0.0/unit/globalInit/5.0.0/globalInit.js,jdf/1.0.0/ui/switchable/1.0.0/switchable.js,jdf/1.0.0/ui/tips/1.0.0/tips.js,jdf/1.0.0/ui/lazyload/1.0.0/lazyload.js,product/module/clslog.js,product/module/tools.js,product/module/footprint-v2.js,product/search/1.0.8/js/follow.js,product/search/1.0.8/js/pageInfo.js,product/search/1.0.8/js/utils.js,product/search/1.0.8/js/template.js,product/search/1.0.8/js/noResult.js,product/search/1.0.8/js/responsive.js,product/search/1.0.8/js/breadCrumb.js,product/search/1.0.8/js/sidebar.js,product/search/1.0.8/js/selector.js,product/search/1.0.8/js/goodsList.js,product/search/1.0.8/js/shopList.js,product/search/1.0.8/js/allResultBox.js,product/search/1.0.8/js/featuredGoods.js,product/search/1.0.8/js/couponBuyNew.js,product/search/1.0.8/js/coudanBuy.js,product/search/1.0.8/js/exchangeBuy.js,product/search/1.0.8/js/imageSearch.js,product/search/1.0.8/js/list/js/recommend.js,product/search/1.0.8/js/list/js/dsp.js,product/search/1.0.8/js/list/js/promotion.js,product/search/1.0.8/js/list/js/bookmvd.js,product/m/1.0.0/widget/p-contrast/p-contrast.js:43)
  handleData (https://misc.360buyimg.com/??jdf/1.0.0/unit/globalInit/5.0.0/globalInit.js,jdf/1.0.0/ui/switchable/1.0.0/switchable.js,jdf/1.0.0/ui/tips/1.0.0/tips.js,jdf/1.0.0/ui/lazyload/1.0.0/lazyload.js,product/module/clslog.js,product/module/tools.js,product/module/footprint-v2.js,product/search/1.0.8/js/follow.js,product/search/1.0.8/js/pageInfo.js,product/search/1.0.8/js/utils.js,product/search/1.0.8/js/template.js,product/search/1.0.8/js/noResult.js,product/search/1.0.8/js/responsive.js,product/search/1.0.8/js/breadCrumb.js,product/search/1.0.8/js/sidebar.js,product/search/1.0.8/js/selector.js,product/search/1.0.8/js/goodsList.js,product/search/1.0.8/js/shopList.js,product/search/1.0.8/js/allResultBox.js,product/search/1.0.8/js/featuredGoods.js,product/search/1.0.8/js/couponBuyNew.js,product/search/1.0.8/js/coudanBuy.js,product/search/1.0.8/js/exchangeBuy.js,product/search/1.0.8/js/imageSearch.js,product/search/1.0.8/js/list/js/recommend.js,product/search/1.0.8/js/list/js/dsp.js,product/search/1.0.8/js/list/js/promotion.js,product/search/1.0.8/js/list/js/bookmvd.js,product/m/1.0.0/widget/p-contrast/p-contrast.js:43)
  success (https://misc.360buyimg.com/??jdf/1.0.0/unit/globalInit/5.0.0/globalInit.js,jdf/1.0.0/ui/switchable/1.0.0/switchable.js,jdf/1.0.0/ui/tips/1.0.0/tips.js,jdf/1.0.0/ui/lazyload/1.0.0/lazyload.js,product/module/clslog.js,product/module/tools.js,product/module/footprint-v2.js,product/search/1.0.8/js/follow.js,product/search/1.0.8/js/pageInfo.js,product/search/1.0.8/js/utils.js,product/search/1.0.8/js/template.js,product/search/1.0.8/js/noResult.js,product/search/1.0.8/js/responsive.js,product/search/1.0.8/js/breadCrumb.js,product/search/1.0.8/js/sidebar.js,product/search/1.0.8/js/selector.js,product/search/1.0.8/js/goodsList.js,product/search/1.0.8/js/shopList.js,product/search/1.0.8/js/allResultBox.js,product/search/1.0.8/js/featuredGoods.js,product/search/1.0.8/js/couponBuyNew.js,product/search/1.0.8/js/coudanBuy.js,product/search/1.0.8/js/exchangeBuy.js,product/search/1.0.8/js/imageSearch.js,product/search/1.0.8/js/list/js/recommend.js,product/search/1.0.8/js/list/js/dsp.js,product/search/1.0.8/js/list/js/promotion.js,product/search/1.0.8/js/list/js/bookmvd.js,product/m/1.0.0/widget/p-contrast/p-contrast.js:43)
  resolveWith (https://misc.360buyimg.com/??jdf/1.0.0/unit/base/5.0.0/base.js,jdf/lib/jquery-1.6.4.js,product/module/es5-shim.js:4)
  w (https://misc.360buyimg.com/??jdf/1.0.0/unit/base/5.0.0/base.js,jdf/lib/jquery-1.6.4.js,product/module/es5-shim.js:6)
  onreadystatechange (https://misc.360buyimg.com/??jdf/1.0.0/unit/base/5.0.0/base.js,jdf/lib/jquery-1.6.4.js,product/module/es5-shim.js:6)

  phantomjs://platform/console++.js:263 in error
[ERROR - 2021-10-16T04:43:05.928Z] Session [8b45d340-2e3b-11ec-9310-d77a7d5cae6b] - page.onError - msg: TypeError: undefined is not an object (evaluating 'pageConfig["SKUS_dsp_"+this.currentAid].join')

  phantomjs://platform/console++.js:263 in error
[ERROR - 2021-10-16T04:43:05.929Z] Session [8b45d340-2e3b-11ec-9310-d77a7d5cae6b] - page.onError - stack:
  log (https://misc.360buyimg.com/??jdf/1.0.0/unit/globalInit/5.0.0/globalInit.js,jdf/1.0.0/ui/switchable/1.0.0/switchable.js,jdf/1.0.0/ui/tips/1.0.0/tips.js,jdf/1.0.0/ui/lazyload/1.0.0/lazyload.js,product/module/clslog.js,product/module/tools.js,product/module/footprint-v2.js,product/search/1.0.8/js/follow.js,product/search/1.0.8/js/pageInfo.js,product/search/1.0.8/js/utils.js,product/search/1.0.8/js/template.js,product/search/1.0.8/js/noResult.js,product/search/1.0.8/js/responsive.js,product/search/1.0.8/js/breadCrumb.js,product/search/1.0.8/js/sidebar.js,product/search/1.0.8/js/selector.js,product/search/1.0.8/js/goodsList.js,product/search/1.0.8/js/shopList.js,product/search/1.0.8/js/allResultBox.js,product/search/1.0.8/js/featuredGoods.js,product/search/1.0.8/js/couponBuyNew.js,product/search/1.0.8/js/coudanBuy.js,product/search/1.0.8/js/exchangeBuy.js,product/search/1.0.8/js/imageSearch.js,product/search/1.0.8/js/list/js/recommend.js,product/search/1.0.8/js/list/js/dsp.js,product/search/1.0.8/js/list/js/promotion.js,product/search/1.0.8/js/list/js/bookmvd.js,product/m/1.0.0/widget/p-contrast/p-contrast.js:43)
  set (https://misc.360buyimg.com/??jdf/1.0.0/unit/globalInit/5.0.0/globalInit.js,jdf/1.0.0/ui/switchable/1.0.0/switchable.js,jdf/1.0.0/ui/tips/1.0.0/tips.js,jdf/1.0.0/ui/lazyload/1.0.0/lazyload.js,product/module/clslog.js,product/module/tools.js,product/module/footprint-v2.js,product/search/1.0.8/js/follow.js,product/search/1.0.8/js/pageInfo.js,product/search/1.0.8/js/utils.js,product/search/1.0.8/js/template.js,product/search/1.0.8/js/noResult.js,product/search/1.0.8/js/responsive.js,product/search/1.0.8/js/breadCrumb.js,product/search/1.0.8/js/sidebar.js,product/search/1.0.8/js/selector.js,product/search/1.0.8/js/goodsList.js,product/search/1.0.8/js/shopList.js,product/search/1.0.8/js/allResultBox.js,product/search/1.0.8/js/featuredGoods.js,product/search/1.0.8/js/couponBuyNew.js,product/search/1.0.8/js/coudanBuy.js,product/search/1.0.8/js/exchangeBuy.js,product/search/1.0.8/js/imageSearch.js,product/search/1.0.8/js/list/js/recommend.js,product/search/1.0.8/js/list/js/dsp.js,product/search/1.0.8/js/list/js/promotion.js,product/search/1.0.8/js/list/js/bookmvd.js,product/m/1.0.0/widget/p-contrast/p-contrast.js:43)
  handleData (https://misc.360buyimg.com/??jdf/1.0.0/unit/globalInit/5.0.0/globalInit.js,jdf/1.0.0/ui/switchable/1.0.0/switchable.js,jdf/1.0.0/ui/tips/1.0.0/tips.js,jdf/1.0.0/ui/lazyload/1.0.0/lazyload.js,product/module/clslog.js,product/module/tools.js,product/module/footprint-v2.js,product/search/1.0.8/js/follow.js,product/search/1.0.8/js/pageInfo.js,product/search/1.0.8/js/utils.js,product/search/1.0.8/js/template.js,product/search/1.0.8/js/noResult.js,product/search/1.0.8/js/responsive.js,product/search/1.0.8/js/breadCrumb.js,product/search/1.0.8/js/sidebar.js,product/search/1.0.8/js/selector.js,product/search/1.0.8/js/goodsList.js,product/search/1.0.8/js/shopList.js,product/search/1.0.8/js/allResultBox.js,product/search/1.0.8/js/featuredGoods.js,product/search/1.0.8/js/couponBuyNew.js,product/search/1.0.8/js/coudanBuy.js,product/search/1.0.8/js/exchangeBuy.js,product/search/1.0.8/js/imageSearch.js,product/search/1.0.8/js/list/js/recommend.js,product/search/1.0.8/js/list/js/dsp.js,product/search/1.0.8/js/list/js/promotion.js,product/search/1.0.8/js/list/js/bookmvd.js,product/m/1.0.0/widget/p-contrast/p-contrast.js:43)
  success (https://misc.360buyimg.com/??jdf/1.0.0/unit/globalInit/5.0.0/globalInit.js,jdf/1.0.0/ui/switchable/1.0.0/switchable.js,jdf/1.0.0/ui/tips/1.0.0/tips.js,jdf/1.0.0/ui/lazyload/1.0.0/lazyload.js,product/module/clslog.js,product/module/tools.js,product/module/footprint-v2.js,product/search/1.0.8/js/follow.js,product/search/1.0.8/js/pageInfo.js,product/search/1.0.8/js/utils.js,product/search/1.0.8/js/template.js,product/search/1.0.8/js/noResult.js,product/search/1.0.8/js/responsive.js,product/search/1.0.8/js/breadCrumb.js,product/search/1.0.8/js/sidebar.js,product/search/1.0.8/js/selector.js,product/search/1.0.8/js/goodsList.js,product/search/1.0.8/js/shopList.js,product/search/1.0.8/js/allResultBox.js,product/search/1.0.8/js/featuredGoods.js,product/search/1.0.8/js/couponBuyNew.js,product/search/1.0.8/js/coudanBuy.js,product/search/1.0.8/js/exchangeBuy.js,product/search/1.0.8/js/imageSearch.js,product/search/1.0.8/js/list/js/recommend.js,product/search/1.0.8/js/list/js/dsp.js,product/search/1.0.8/js/list/js/promotion.js,product/search/1.0.8/js/list/js/bookmvd.js,product/m/1.0.0/widget/p-contrast/p-contrast.js:43)
  resolveWith (https://misc.360buyimg.com/??jdf/1.0.0/unit/base/5.0.0/base.js,jdf/lib/jquery-1.6.4.js,product/module/es5-shim.js:4)
  w (https://misc.360buyimg.com/??jdf/1.0.0/unit/base/5.0.0/base.js,jdf/lib/jquery-1.6.4.js,product/module/es5-shim.js:6)
  onreadystatechange (https://misc.360buyimg.com/??jdf/1.0.0/unit/base/5.0.0/base.js,jdf/lib/jquery-1.6.4.js,product/module/es5-shim.js:6)

  phantomjs://platform/console++.js:263 in error
[ERROR - 2021-10-16T04:43:58.353Z] WebElementLocator - _handleLocateCommand - Element(s) NOT Found: GAVE UP. Search Stop Time: 1634359438337

  phantomjs://platform/console++.js:263 in error
[ERROR - 2021-10-16T04:43:59.306Z] WebElementLocator - _handleLocateCommand - Element(s) NOT Found: GAVE UP. Search Stop Time: 1634359439238

  phantomjs://platform/console++.js:263 in error
[ERROR - 2021-10-16T04:44:00.194Z] WebElementLocator - _handleLocateCommand - Element(s) NOT Found: GAVE UP. Search Stop Time: 1634359440140

  phantomjs://platform/console++.js:263 in error
[ERROR - 2021-10-16T04:44:01.240Z] WebElementLocator - _handleLocateCommand - Element(s) NOT Found: GAVE UP. Search Stop Time: 1634359441177

  phantomjs://platform/console++.js:263 in error
[ERROR - 2021-10-16T04:44:02.100Z] WebElementLocator - _handleLocateCommand - Element(s) NOT Found: GAVE UP. Search Stop Time: 1634359442052

  phantomjs://platform/console++.js:263 in error
[ERROR - 2021-10-16T04:44:02.977Z] WebElementLocator - _handleLocateCommand - Element(s) NOT Found: GAVE UP. Search Stop Time: 1634359442925

  phantomjs://platform/console++.js:263 in error
[ERROR - 2021-10-16T04:44:03.854Z] WebElementLocator - _handleLocateCommand - Element(s) NOT Found: GAVE UP. Search Stop Time: 1634359443799

  phantomjs://platform/console++.js:263 in error
[ERROR - 2021-10-16T04:44:04.679Z] WebElementLocator - _handleLocateCommand - Element(s) NOT Found: GAVE UP. Search Stop Time: 1634359444677

  phantomjs://platform/console++.js:263 in error
[ERROR - 2021-10-16T04:44:05.551Z] WebElementLocator - _handleLocateCommand - Element(s) NOT Found: GAVE UP. Search Stop Time: 1634359445502

  phantomjs://platform/console++.js:263 in error
[ERROR - 2021-10-16T04:44:06.451Z] WebElementLocator - _handleLocateCommand - Element(s) NOT Found: GAVE UP. Search Stop Time: 1634359446381

  phantomjs://platform/console++.js:263 in error
[ERROR - 2021-10-16T04:44:07.282Z] WebElementLocator - _handleLocateCommand - Element(s) NOT Found: GAVE UP. Search Stop Time: 1634359447277

  phantomjs://platform/console++.js:263 in error
[ERROR - 2021-10-16T04:44:08.168Z] WebElementLocator - _handleLocateCommand - Element(s) NOT Found: GAVE UP. Search Stop Time: 1634359448115

  phantomjs://platform/console++.js:263 in error
[ERROR - 2021-10-16T04:44:09.052Z] WebElementLocator - _handleLocateCommand - Element(s) NOT Found: GAVE UP. Search Stop Time: 1634359448999

  phantomjs://platform/console++.js:263 in error
[ERROR - 2021-10-16T04:44:09.909Z] WebElementLocator - _handleLocateCommand - Element(s) NOT Found: GAVE UP. Search Stop Time: 1634359449868

  phantomjs://platform/console++.js:263 in error
[ERROR - 2021-10-16T04:44:10.767Z] WebElementLocator - _handleLocateCommand - Element(s) NOT Found: GAVE UP. Search Stop Time: 1634359450731

  phantomjs://platform/console++.js:263 in error
[ERROR - 2021-10-16T04:44:11.643Z] WebElementLocator - _handleLocateCommand - Element(s) NOT Found: GAVE UP. Search Stop Time: 1634359451592

  phantomjs://platform/console++.js:263 in error
[ERROR - 2021-10-16T04:44:12.523Z] WebElementLocator - _handleLocateCommand - Element(s) NOT Found: GAVE UP. Search Stop Time: 1634359452471

  phantomjs://platform/console++.js:263 in error
[ERROR - 2021-10-16T04:44:13.351Z] WebElementLocator - _handleLocateCommand - Element(s) NOT Found: GAVE UP. Search Stop Time: 1634359453349

  phantomjs://platform/console++.js:263 in error
[ERROR - 2021-10-16T04:44:14.187Z] WebElementLocator - _handleLocateCommand - Element(s) NOT Found: GAVE UP. Search Stop Time: 1634359454168

  phantomjs://platform/console++.js:263 in error
[ERROR - 2021-10-16T04:44:15.067Z] WebElementLocator - _handleLocateCommand - Element(s) NOT Found: GAVE UP. Search Stop Time: 1634359455015

  phantomjs://platform/console++.js:263 in error
[ERROR - 2021-10-16T04:44:15.950Z] WebElementLocator - _handleLocateCommand - Element(s) NOT Found: GAVE UP. Search Stop Time: 1634359455895

  phantomjs://platform/console++.js:263 in error
[ERROR - 2021-10-16T04:44:16.774Z] WebElementLocator - _handleLocateCommand - Element(s) NOT Found: GAVE UP. Search Stop Time: 1634359456773

  phantomjs://platform/console++.js:263 in error
[ERROR - 2021-10-16T04:44:17.624Z] WebElementLocator - _handleLocateCommand - Element(s) NOT Found: GAVE UP. Search Stop Time: 1634359457605

  phantomjs://platform/console++.js:263 in error
[ERROR - 2021-10-16T04:44:18.496Z] WebElementLocator - _handleLocateCommand - Element(s) NOT Found: GAVE UP. Search Stop Time: 1634359458441

  phantomjs://platform/console++.js:263 in error
[ERROR - 2021-10-16T04:44:19.382Z] WebElementLocator - _handleLocateCommand - Element(s) NOT Found: GAVE UP. Search Stop Time: 1634359459327

  phantomjs://platform/console++.js:263 in error
[ERROR - 2021-10-16T04:44:20.231Z] WebElementLocator - _handleLocateCommand - Element(s) NOT Found: GAVE UP. Search Stop Time: 1634359460213

  phantomjs://platform/console++.js:263 in error
[ERROR - 2021-10-16T04:44:21.092Z] WebElementLocator - _handleLocateCommand - Element(s) NOT Found: GAVE UP. Search Stop Time: 1634359461059

  phantomjs://platform/console++.js:263 in error
[ERROR - 2021-10-16T04:44:21.979Z] WebElementLocator - _handleLocateCommand - Element(s) NOT Found: GAVE UP. Search Stop Time: 1634359461922

  phantomjs://platform/console++.js:263 in error
[ERROR - 2021-10-16T04:44:22.852Z] WebElementLocator - _handleLocateCommand - Element(s) NOT Found: GAVE UP. Search Stop Time: 1634359462802

  phantomjs://platform/console++.js:263 in error
[ERROR - 2021-10-16T04:44:23.681Z] WebElementLocator - _handleLocateCommand - Element(s) NOT Found: GAVE UP. Search Stop Time: 1634359463677

  phantomjs://platform/console++.js:263 in error
[ERROR - 2021-10-16T04:44:24.554Z] WebElementLocator - _handleLocateCommand - Element(s) NOT Found: GAVE UP. Search Stop Time: 1634359464503

  phantomjs://platform/console++.js:263 in error
[ERROR - 2021-10-16T04:44:25.380Z] WebElementLocator - _handleLocateCommand - Element(s) NOT Found: GAVE UP. Search Stop Time: 1634359465379

  phantomjs://platform/console++.js:263 in error
[ERROR - 2021-10-16T04:44:26.285Z] WebElementLocator - _handleLocateCommand - Element(s) NOT Found: GAVE UP. Search Stop Time: 1634359466230

  phantomjs://platform/console++.js:263 in error
[ERROR - 2021-10-16T04:44:27.141Z] WebElementLocator - _handleLocateCommand - Element(s) NOT Found: GAVE UP. Search Stop Time: 1634359467117

  phantomjs://platform/console++.js:263 in error
[ERROR - 2021-10-16T04:44:27.996Z] WebElementLocator - _handleLocateCommand - Element(s) NOT Found: GAVE UP. Search Stop Time: 1634359467990

  phantomjs://platform/console++.js:263 in error
[ERROR - 2021-10-16T04:44:28.846Z] WebElementLocator - _handleLocateCommand - Element(s) NOT Found: GAVE UP. Search Stop Time: 1634359468840

  phantomjs://platform/console++.js:263 in error
[ERROR - 2021-10-16T04:44:29.685Z] WebElementLocator - _handleLocateCommand - Element(s) NOT Found: GAVE UP. Search Stop Time: 1634359469678

  phantomjs://platform/console++.js:263 in error
[ERROR - 2021-10-16T04:44:30.547Z] WebElementLocator - _handleLocateCommand - Element(s) NOT Found: GAVE UP. Search Stop Time: 1634359470511

  phantomjs://platform/console++.js:263 in error
[ERROR - 2021-10-16T04:44:31.375Z] WebElementLocator - _handleLocateCommand - Element(s) NOT Found: GAVE UP. Search Stop Time: 1634359471368

  phantomjs://platform/console++.js:263 in error
[ERROR - 2021-10-16T04:44:32.200Z] WebElementLocator - _handleLocateCommand - Element(s) NOT Found: GAVE UP. Search Stop Time: 1634359472191

  phantomjs://platform/console++.js:263 in error
[ERROR - 2021-10-16T04:44:33.061Z] WebElementLocator - _handleLocateCommand - Element(s) NOT Found: GAVE UP. Search Stop Time: 1634359473025

  phantomjs://platform/console++.js:263 in error
[ERROR - 2021-10-16T04:44:33.946Z] WebElementLocator - _handleLocateCommand - Element(s) NOT Found: GAVE UP. Search Stop Time: 1634359473891

  phantomjs://platform/console++.js:263 in error
[ERROR - 2021-10-16T04:44:34.821Z] WebElementLocator - _handleLocateCommand - Element(s) NOT Found: GAVE UP. Search Stop Time: 1634359474769

  phantomjs://platform/console++.js:263 in error
[ERROR - 2021-10-16T04:44:35.694Z] WebElementLocator - _handleLocateCommand - Element(s) NOT Found: GAVE UP. Search Stop Time: 1634359475644

  phantomjs://platform/console++.js:263 in error
[ERROR - 2021-10-16T04:44:36.562Z] WebElementLocator - _handleLocateCommand - Element(s) NOT Found: GAVE UP. Search Stop Time: 1634359476525

  phantomjs://platform/console++.js:263 in error
[ERROR - 2021-10-16T04:44:37.447Z] WebElementLocator - _handleLocateCommand - Element(s) NOT Found: GAVE UP. Search Stop Time: 1634359477393

  phantomjs://platform/console++.js:263 in error
[ERROR - 2021-10-16T04:44:38.266Z] WebElementLocator - _handleLocateCommand - Element(s) NOT Found: GAVE UP. Search Stop Time: 1634359478261

  phantomjs://platform/console++.js:263 in error
[ERROR - 2021-10-16T04:44:39.090Z] WebElementLocator - _handleLocateCommand - Element(s) NOT Found: GAVE UP. Search Stop Time: 1634359479083

  phantomjs://platform/console++.js:263 in error
[ERROR - 2021-10-16T04:44:39.955Z] WebElementLocator - _handleLocateCommand - Element(s) NOT Found: GAVE UP. Search Stop Time: 1634359479915

  phantomjs://platform/console++.js:263 in error
[ERROR - 2021-10-16T04:44:40.835Z] WebElementLocator - _handleLocateCommand - Element(s) NOT Found: GAVE UP. Search Stop Time: 1634359480782

  phantomjs://platform/console++.js:263 in error
[ERROR - 2021-10-16T04:44:41.669Z] WebElementLocator - _handleLocateCommand - Element(s) NOT Found: GAVE UP. Search Stop Time: 1634359481664

  phantomjs://platform/console++.js:263 in error
[ERROR - 2021-10-16T04:44:42.512Z] WebElementLocator - _handleLocateCommand - Element(s) NOT Found: GAVE UP. Search Stop Time: 1634359482493

  phantomjs://platform/console++.js:263 in error
[ERROR - 2021-10-16T04:44:43.382Z] WebElementLocator - _handleLocateCommand - Element(s) NOT Found: GAVE UP. Search Stop Time: 1634359483327

  phantomjs://platform/console++.js:263 in error
[ERROR - 2021-10-16T04:44:44.281Z] WebElementLocator - _handleLocateCommand - Element(s) NOT Found: GAVE UP. Search Stop Time: 1634359484211

  phantomjs://platform/console++.js:263 in error
[ERROR - 2021-10-16T04:44:45.159Z] WebElementLocator - _handleLocateCommand - Element(s) NOT Found: GAVE UP. Search Stop Time: 1634359485109

  phantomjs://platform/console++.js:263 in error
[ERROR - 2021-10-16T04:44:46.012Z] WebElementLocator - _handleLocateCommand - Element(s) NOT Found: GAVE UP. Search Stop Time: 1634359485990

  phantomjs://platform/console++.js:263 in error
